<?xml version="1.0" encoding="UTF-8"?>
<!-- Generated by org.testng.reporters.JUnitReportReporter -->
<testsuite skipped="0" hostname="MANJUB04" name="com.RestAssured.test.GetProductOrder" tests="3" failures="0" timestamp="31 May 2017 00:36:43 GMT" time="2.547" errors="0">
  <testcase name="getProductOrder" time="2.137" classname="com.RestAssured.test.GetProductOrder"/>
  <testcase name="createProductOrder" time="0.254" classname="com.RestAssured.test.GetProductOrder"/>
  <testcase name="TC003_notFound" time="0.156" classname="com.RestAssured.test.GetProductOrder"/>
</testsuite> <!-- com.RestAssured.test.GetProductOrder -->
